Determining if the CL_VERSION_2_2 exist failed with the following output:
Change Dir: /Volumes/Mine/Upwork/Categorized/C++/xmr-stak/CMakeFiles/CMakeTmp

Run Build Command:"/usr/bin/make" "cmTC_8d823/fast"
/Applications/Xcode.app/Contents/Developer/usr/bin/make -f CMakeFiles/cmTC_8d823.dir/build.make CMakeFiles/cmTC_8d823.dir/build
Building C object CMakeFiles/cmTC_8d823.dir/CheckSymbolExists.c.o
/Applications/Xcode.app/Contents/Developer/Toolchains/XcodeDefault.xctoolchain/usr/bin/cc   -march=native -mtune=native     -o CMakeFiles/cmTC_8d823.dir/CheckSymbolExists.c.o   -c /Volumes/Mine/Upwork/Categorized/C++/xmr-stak/CMakeFiles/CMakeTmp/CheckSymbolExists.c
/Volumes/Mine/Upwork/Categorized/C++/xmr-stak/CMakeFiles/CMakeTmp/CheckSymbolExists.c:8:19: error: use of undeclared identifier 'CL_VERSION_2_2'
  return ((int*)(&CL_VERSION_2_2))[argc];
                  ^
1 error generated.
make[1]: *** [CMakeFiles/cmTC_8d823.dir/CheckSymbolExists.c.o] Error 1
make: *** [cmTC_8d823/fast] Error 2

File /Volumes/Mine/Upwork/Categorized/C++/xmr-stak/CMakeFiles/CMakeTmp/CheckSymbolExists.c:
/* */
#include </System/Library/Frameworks/OpenCL.framework/Headers/cl.h>

int main(int argc, char** argv)
{
  (void)argv;
#ifndef CL_VERSION_2_2
  return ((int*)(&CL_VERSION_2_2))[argc];
#else
  (void)argc;
  return 0;
#endif
}

Determining if the CL_VERSION_2_1 exist failed with the following output:
Change Dir: /Volumes/Mine/Upwork/Categorized/C++/xmr-stak/CMakeFiles/CMakeTmp

Run Build Command:"/usr/bin/make" "cmTC_04d22/fast"
/Applications/Xcode.app/Contents/Developer/usr/bin/make -f CMakeFiles/cmTC_04d22.dir/build.make CMakeFiles/cmTC_04d22.dir/build
Building C object CMakeFiles/cmTC_04d22.dir/CheckSymbolExists.c.o
/Applications/Xcode.app/Contents/Developer/Toolchains/XcodeDefault.xctoolchain/usr/bin/cc   -march=native -mtune=native     -o CMakeFiles/cmTC_04d22.dir/CheckSymbolExists.c.o   -c /Volumes/Mine/Upwork/Categorized/C++/xmr-stak/CMakeFiles/CMakeTmp/CheckSymbolExists.c
/Volumes/Mine/Upwork/Categorized/C++/xmr-stak/CMakeFiles/CMakeTmp/CheckSymbolExists.c:8:19: error: use of undeclared identifier 'CL_VERSION_2_1'
  return ((int*)(&CL_VERSION_2_1))[argc];
                  ^
1 error generated.
make[1]: *** [CMakeFiles/cmTC_04d22.dir/CheckSymbolExists.c.o] Error 1
make: *** [cmTC_04d22/fast] Error 2

File /Volumes/Mine/Upwork/Categorized/C++/xmr-stak/CMakeFiles/CMakeTmp/CheckSymbolExists.c:
/* */
#include </System/Library/Frameworks/OpenCL.framework/Headers/cl.h>

int main(int argc, char** argv)
{
  (void)argv;
#ifndef CL_VERSION_2_1
  return ((int*)(&CL_VERSION_2_1))[argc];
#else
  (void)argc;
  return 0;
#endif
}

Determining if the CL_VERSION_2_0 exist failed with the following output:
Change Dir: /Volumes/Mine/Upwork/Categorized/C++/xmr-stak/CMakeFiles/CMakeTmp

Run Build Command:"/usr/bin/make" "cmTC_195ad/fast"
/Applications/Xcode.app/Contents/Developer/usr/bin/make -f CMakeFiles/cmTC_195ad.dir/build.make CMakeFiles/cmTC_195ad.dir/build
Building C object CMakeFiles/cmTC_195ad.dir/CheckSymbolExists.c.o
/Applications/Xcode.app/Contents/Developer/Toolchains/XcodeDefault.xctoolchain/usr/bin/cc   -march=native -mtune=native     -o CMakeFiles/cmTC_195ad.dir/CheckSymbolExists.c.o   -c /Volumes/Mine/Upwork/Categorized/C++/xmr-stak/CMakeFiles/CMakeTmp/CheckSymbolExists.c
/Volumes/Mine/Upwork/Categorized/C++/xmr-stak/CMakeFiles/CMakeTmp/CheckSymbolExists.c:8:19: error: use of undeclared identifier 'CL_VERSION_2_0'
  return ((int*)(&CL_VERSION_2_0))[argc];
                  ^
1 error generated.
make[1]: *** [CMakeFiles/cmTC_195ad.dir/CheckSymbolExists.c.o] Error 1
make: *** [cmTC_195ad/fast] Error 2

File /Volumes/Mine/Upwork/Categorized/C++/xmr-stak/CMakeFiles/CMakeTmp/CheckSymbolExists.c:
/* */
#include </System/Library/Frameworks/OpenCL.framework/Headers/cl.h>

int main(int argc, char** argv)
{
  (void)argv;
#ifndef CL_VERSION_2_0
  return ((int*)(&CL_VERSION_2_0))[argc];
#else
  (void)argc;
  return 0;
#endif
}

Determining if the CL_VERSION_2_2 exist failed with the following output:
Change Dir: /Volumes/Mine/Upwork/Categorized/C++/xmr-stak/CMakeFiles/CMakeTmp

Run Build Command:"/usr/bin/make" "cmTC_bbbbc/fast"
/Applications/Xcode.app/Contents/Developer/usr/bin/make -f CMakeFiles/cmTC_bbbbc.dir/build.make CMakeFiles/cmTC_bbbbc.dir/build
Building C object CMakeFiles/cmTC_bbbbc.dir/CheckSymbolExists.c.o
/Applications/Xcode.app/Contents/Developer/Toolchains/XcodeDefault.xctoolchain/usr/bin/cc   -march=native -mtune=native     -o CMakeFiles/cmTC_bbbbc.dir/CheckSymbolExists.c.o   -c /Volumes/Mine/Upwork/Categorized/C++/xmr-stak/CMakeFiles/CMakeTmp/CheckSymbolExists.c
/Volumes/Mine/Upwork/Categorized/C++/xmr-stak/CMakeFiles/CMakeTmp/CheckSymbolExists.c:8:19: error: use of undeclared identifier 'CL_VERSION_2_2'
  return ((int*)(&CL_VERSION_2_2))[argc];
                  ^
1 error generated.
make[1]: *** [CMakeFiles/cmTC_bbbbc.dir/CheckSymbolExists.c.o] Error 1
make: *** [cmTC_bbbbc/fast] Error 2

File /Volumes/Mine/Upwork/Categorized/C++/xmr-stak/CMakeFiles/CMakeTmp/CheckSymbolExists.c:
/* */
#include </System/Library/Frameworks/OpenCL.framework/Headers/cl.h>

int main(int argc, char** argv)
{
  (void)argv;
#ifndef CL_VERSION_2_2
  return ((int*)(&CL_VERSION_2_2))[argc];
#else
  (void)argc;
  return 0;
#endif
}

Determining if the CL_VERSION_2_1 exist failed with the following output:
Change Dir: /Volumes/Mine/Upwork/Categorized/C++/xmr-stak/CMakeFiles/CMakeTmp

Run Build Command:"/usr/bin/make" "cmTC_2b5b9/fast"
/Applications/Xcode.app/Contents/Developer/usr/bin/make -f CMakeFiles/cmTC_2b5b9.dir/build.make CMakeFiles/cmTC_2b5b9.dir/build
Building C object CMakeFiles/cmTC_2b5b9.dir/CheckSymbolExists.c.o
/Applications/Xcode.app/Contents/Developer/Toolchains/XcodeDefault.xctoolchain/usr/bin/cc   -march=native -mtune=native     -o CMakeFiles/cmTC_2b5b9.dir/CheckSymbolExists.c.o   -c /Volumes/Mine/Upwork/Categorized/C++/xmr-stak/CMakeFiles/CMakeTmp/CheckSymbolExists.c
/Volumes/Mine/Upwork/Categorized/C++/xmr-stak/CMakeFiles/CMakeTmp/CheckSymbolExists.c:8:19: error: use of undeclared identifier 'CL_VERSION_2_1'
  return ((int*)(&CL_VERSION_2_1))[argc];
                  ^
1 error generated.
make[1]: *** [CMakeFiles/cmTC_2b5b9.dir/CheckSymbolExists.c.o] Error 1
make: *** [cmTC_2b5b9/fast] Error 2

File /Volumes/Mine/Upwork/Categorized/C++/xmr-stak/CMakeFiles/CMakeTmp/CheckSymbolExists.c:
/* */
#include </System/Library/Frameworks/OpenCL.framework/Headers/cl.h>

int main(int argc, char** argv)
{
  (void)argv;
#ifndef CL_VERSION_2_1
  return ((int*)(&CL_VERSION_2_1))[argc];
#else
  (void)argc;
  return 0;
#endif
}

Determining if the CL_VERSION_2_0 exist failed with the following output:
Change Dir: /Volumes/Mine/Upwork/Categorized/C++/xmr-stak/CMakeFiles/CMakeTmp

Run Build Command:"/usr/bin/make" "cmTC_773a5/fast"
/Applications/Xcode.app/Contents/Developer/usr/bin/make -f CMakeFiles/cmTC_773a5.dir/build.make CMakeFiles/cmTC_773a5.dir/build
Building C object CMakeFiles/cmTC_773a5.dir/CheckSymbolExists.c.o
/Applications/Xcode.app/Contents/Developer/Toolchains/XcodeDefault.xctoolchain/usr/bin/cc   -march=native -mtune=native     -o CMakeFiles/cmTC_773a5.dir/CheckSymbolExists.c.o   -c /Volumes/Mine/Upwork/Categorized/C++/xmr-stak/CMakeFiles/CMakeTmp/CheckSymbolExists.c
/Volumes/Mine/Upwork/Categorized/C++/xmr-stak/CMakeFiles/CMakeTmp/CheckSymbolExists.c:8:19: error: use of undeclared identifier 'CL_VERSION_2_0'
  return ((int*)(&CL_VERSION_2_0))[argc];
                  ^
1 error generated.
make[1]: *** [CMakeFiles/cmTC_773a5.dir/CheckSymbolExists.c.o] Error 1
make: *** [cmTC_773a5/fast] Error 2

File /Volumes/Mine/Upwork/Categorized/C++/xmr-stak/CMakeFiles/CMakeTmp/CheckSymbolExists.c:
/* */
#include </System/Library/Frameworks/OpenCL.framework/Headers/cl.h>

int main(int argc, char** argv)
{
  (void)argv;
#ifndef CL_VERSION_2_0
  return ((int*)(&CL_VERSION_2_0))[argc];
#else
  (void)argc;
  return 0;
#endif
}

